build/app/outputs/mapping/release/mapping.txt
# compiler: R8
# compiler_version: 1.5.64
# min_api: 21
# pg_map_id: 3a120bb
...
com.transistorsoft.locationmanager.location.TSCurrentPositionRequest$Builder -> com.transistorsoft.locationmanager.l.c$a:
    long maximumAge -> h
    long access$000(com.transistorsoft.locationmanager.location.TSCurrentPositionRequest$Builder) -> a
    com.transistorsoft.locationmanager.location.TSCurrentPositionRequest build() -> a
    com.transistorsoft.locationmanager.location.TSCurrentPositionRequest$Builder setMaximumAge(java.lang.Long) -> a
com.transistorsoft.locationmanager.location.TSCurrentPositionRequest$a -> com.transistorsoft.locationmanager.l.c$b:
    com.transistorsoft.locationmanager.location.TSCurrentPositionRequest c -> f
    android.location.Location b -> e
    com.transistorsoft.locationmanager.location.TSLocationManager a -> d
com.transistorsoft.locationmanager.location.TSLocation -> com.transistorsoft.locationmanager.l.d:
    com.transistorsoft.locationmanager.geofence.TSGeofence geofence -> x
    java.lang.Boolean isSample -> s
    com.transistorsoft.locationmanager.util.e locationTemplate -> C
    java.lang.Boolean isMoving -> q
    java.lang.String activityName -> t
    java.lang.Float odometer -> p
    java.lang.Boolean batteryIsCharging -> v
    java.text.DecimalFormat twoDForm -> E
    java.lang.Double speed -> n
    org.json.JSONObject extras -> z
    java.lang.Double latitude -> l
    java.lang.Double heading -> j
    java.lang.String uuid -> c
    java.lang.Double altitude -> h
    java.lang.Double accuracy -> f
    com.transistorsoft.locationmanager.event.LocationProviderChangeEvent mProvider -> A
    java.lang.ThreadLocal dateFormatter -> B
    java.lang.String event -> o
    com.transistorsoft.locationmanager.util.e geofenceTemplate -> D
    java.lang.Double batteryLevel -> w
    java.lang.Boolean isMock -> r
    org.json.JSONObject json -> b
    java.lang.Integer activityConfidence -> u
    java.lang.String geofenceAction -> y
    java.text.DecimalFormat oneDForm -> F
    boolean enableTimestampMeta -> e
    java.lang.Double longitude -> m
    java.lang.Double headingAccuracy -> k
    java.lang.Double altitudeAccuracy -> i
    android.location.Location mLocation -> a
    java.lang.Double speedAccuracy -> g
    java.lang.String timestamp -> d
com.transistorsoft.locationmanager.location.TSLocation$a -> com.transistorsoft.locationmanager.l.d$a:
com.transistorsoft.locationmanager.location.TSLocationManager -> com.transistorsoft.locationmanager.l.e:
    android.content.Context mContext -> a
    float medianLocationAccuracy -> l
    com.transistorsoft.locationmanager.location.TSWatchPositionRequest watchPositionRequest -> f
    com.transistorsoft.locationmanager.event.LocationProviderChangeEvent currentLocationProvider -> m
    com.transistorsoft.locationmanager.location.TSLocationManager mInstance -> n
    com.google.android.gms.location.LocationRequest mLocationRequest -> c
    java.util.Map locationRequests -> b
    java.util.concurrent.atomic.AtomicBoolean mIsWatchingPosition -> e
    com.transistorsoft.locationmanager.location.TSProviderChangeRequest mProviderChangeRequest -> g
    android.location.Location lastLocation -> h
    java.util.ArrayList accuracyQueue -> k
    java.util.concurrent.atomic.AtomicBoolean mIsUpdatingLocation -> d
    android.location.Location lastGoodLocation -> i
    android.location.Location lastOdometerLocation -> j
    android.content.Context access$000(com.transistorsoft.locationmanager.location.TSLocationManager) -> a
    com.google.android.gms.location.LocationRequest buildLocationRequest() -> a
    com.transistorsoft.locationmanager.location.TSLocation buildTSLocation(android.location.Location) -> a
    void calculateMedianAccuracy(float) -> a
    void cancelRequest(int) -> a
    void cancelRequest(com.transistorsoft.locationmanager.location.SingleLocationRequest) -> a